  BaseRadii.cpp
BaseRadii.cpp(31): warning C4473: 'fscanf_s' : not enough arguments passed for format string
  BaseRadii.cpp(31): note: placeholders and their parameters expect 2 variadic arguments, but 1 were provided
  BaseRadii.cpp(31): note: the missing variadic argument 2 is required by format string '%s'
  BaseRadii.cpp(31): note: this argument is used as a buffer size
BaseRadii.cpp(34): warning C4473: 'fscanf_s' : not enough arguments passed for format string
  BaseRadii.cpp(34): note: placeholders and their parameters expect 2 variadic arguments, but 1 were provided
  BaseRadii.cpp(34): note: the missing variadic argument 2 is required by format string '%s'
  BaseRadii.cpp(34): note: this argument is used as a buffer size
BaseRadii.cpp(37): warning C4473: 'fscanf_s' : not enough arguments passed for format string
  BaseRadii.cpp(37): note: placeholders and their parameters expect 2 variadic arguments, but 1 were provided
  BaseRadii.cpp(37): note: the missing variadic argument 2 is required by format string '%s'
  BaseRadii.cpp(37): note: this argument is used as a buffer size
BaseRadii.cpp(43): warning C4473: 'fscanf_s' : not enough arguments passed for format string
  BaseRadii.cpp(43): note: placeholders and their parameters expect 2 variadic arguments, but 1 were provided
  BaseRadii.cpp(43): note: the missing variadic argument 2 is required by format string '%s'
  BaseRadii.cpp(43): note: this argument is used as a buffer size
BaseRadii.cpp(45): warning C4473: 'fscanf_s' : not enough arguments passed for format string
  BaseRadii.cpp(45): note: placeholders and their parameters expect 2 variadic arguments, but 1 were provided
  BaseRadii.cpp(45): note: the missing variadic argument 2 is required by format string '%s'
  BaseRadii.cpp(45): note: this argument is used as a buffer size
BaseRadii.cpp(47): warning C4473: 'fscanf_s' : not enough arguments passed for format string
  BaseRadii.cpp(47): note: placeholders and their parameters expect 2 variadic arguments, but 1 were provided
  BaseRadii.cpp(47): note: the missing variadic argument 2 is required by format string '%s'
  BaseRadii.cpp(47): note: this argument is used as a buffer size
BaseRadii.cpp(49): warning C4473: 'fscanf_s' : not enough arguments passed for format string
  BaseRadii.cpp(49): note: placeholders and their parameters expect 2 variadic arguments, but 1 were provided
  BaseRadii.cpp(49): note: the missing variadic argument 2 is required by format string '%s'
  BaseRadii.cpp(49): note: this argument is used as a buffer size
BaseRadii.cpp(51): warning C4473: 'fscanf_s' : not enough arguments passed for format string
  BaseRadii.cpp(51): note: placeholders and their parameters expect 2 variadic arguments, but 1 were provided
  BaseRadii.cpp(51): note: the missing variadic argument 2 is required by format string '%s'
  BaseRadii.cpp(51): note: this argument is used as a buffer size
BaseRadii.cpp(54): warning C4473: 'fscanf_s' : not enough arguments passed for format string
  BaseRadii.cpp(54): note: placeholders and their parameters expect 2 variadic arguments, but 1 were provided
  BaseRadii.cpp(54): note: the missing variadic argument 2 is required by format string '%s'
  BaseRadii.cpp(54): note: this argument is used as a buffer size
BaseRadii.cpp(56): warning C4473: 'fscanf_s' : not enough arguments passed for format string
  BaseRadii.cpp(56): note: placeholders and their parameters expect 2 variadic arguments, but 1 were provided
  BaseRadii.cpp(56): note: the missing variadic argument 2 is required by format string '%s'
  BaseRadii.cpp(56): note: this argument is used as a buffer size
BaseRadii.cpp(58): warning C4473: 'fscanf_s' : not enough arguments passed for format string
  BaseRadii.cpp(58): note: placeholders and their parameters expect 2 variadic arguments, but 1 were provided
  BaseRadii.cpp(58): note: the missing variadic argument 2 is required by format string '%s'
  BaseRadii.cpp(58): note: this argument is used as a buffer size
BaseRadii.cpp(60): warning C4473: 'fscanf_s' : not enough arguments passed for format string
  BaseRadii.cpp(60): note: placeholders and their parameters expect 2 variadic arguments, but 1 were provided
  BaseRadii.cpp(60): note: the missing variadic argument 2 is required by format string '%s'
  BaseRadii.cpp(60): note: this argument is used as a buffer size
BaseRadii.cpp(22): warning C4101: 'res': unreferenced local variable
  Experiment.cpp
  ImageProcessing.cpp
  ProjectionProcessing.cpp
ProjectionProcessing.cpp(899): warning C4005: '__FILENUM__': macro redefinition
  ProjectionProcessing.cpp(10): note: see previous definition of '__FILENUM__'
  Generating code
  2 of 99 functions ( 2.0%) were compiled, the rest were copied from previous compilation.
    0 functions were new in current compilation
    0 functions had inline decision re-evaluated but remain unchanged
  Finished generating code
  BaseRadius.vcxproj -> D:\code\IrisRepository\Release\BaseRadius.exe
  BaseRadius.vcxproj -> D:\code\IrisRepository\Release\BaseRadius.pdb (Full PDB)
